<?xml version="1.0" encoding="UTF-8"?>
<!-- Generated by org.testng.reporters.JUnitXMLReporter -->
<testsuite hostname="Pavi-PC" ignored="0" name="chromeTest" tests="1" failures="0" timestamp="17 Feb 2021 06:38:30 GMT" time="70.421" errors="0">
  <testcase name="@BeforeClass beforeClass" time="70.178" classname="org.parallel.adactin.Sample">
    <failure type="org.openqa.selenium.WebDriverException" message="chrome not reachable
Build info: version: &amp;apos;3.141.59&amp;apos;, revision: &amp;apos;e82be7d358&amp;apos;, time: &amp;apos;2018-11-14T08:17:03&amp;apos;
System info: host: &amp;apos;PAVI-PC&amp;apos;, ip: &amp;apos;127.0.0.1&amp;apos;, os.name: &amp;apos;Windows 7&amp;apos;, os.arch: &amp;apos;x86&amp;apos;, os.version: &amp;apos;6.1&amp;apos;, java.version: &amp;apos;1.8.0_231&amp;apos;
Driver info: driver.version: ChromeDriver
remote stacktrace: Backtrace:
	Ordinal0 [0x00F2C0C3+3326147]
	Ordinal0 [0x00E10851+2164817]
	Ordinal0 [0x00C97140+618816]
	Ordinal0 [0x00C8D334+578356]
	Ordinal0 [0x00C11877+71799]
	Ordinal0 [0x00C0E119+57625]
	Ordinal0 [0x00C0C38A+50058]
	Ordinal0 [0x00C35F3E+220990]
	Ordinal0 [0x00C35CAC+220332]
	Ordinal0 [0x00C3189B+202907]
	Ordinal0 [0x00C13DF4+81396]
	Ordinal0 [0x00C14DEE+85486]
	Ordinal0 [0x00C14D79+85369]
	Ordinal0 [0x00E285DC+2262492]
	GetHandleVerifier [0x010B2874+1487204]
	GetHandleVerifier [0x010B23CD+1486013]
	GetHandleVerifier [0x010BA368+1518680]
	GetHandleVerifier [0x010B2F4E+1488958]
	Ordinal0 [0x00E1ED0D+2223373]
	Ordinal0 [0x00E2A12B+2269483]
	Ordinal0 [0x00E2A26F+2269807]
	Ordinal0 [0x00E3ECB8+2354360]
	BaseThreadInitThunk [0x7565343D+18]
	RtlInitializeExceptionChain [0x779D9812+99]
	RtlInitializeExceptionChain [0x779D97E5+54]
">
      <![CDATA[org.openqa.selenium.WebDriverException: chrome not reachable
Build info: version: '3.141.59', revision: 'e82be7d358', time: '2018-11-14T08:17:03'
System info: host: 'PAVI-PC', ip: '127.0.0.1', os.name: 'Windows 7', os.arch: 'x86', os.version: '6.1', java.version: '1.8.0_231'
Driver info: driver.version: ChromeDriver
remote stacktrace: Backtrace:
Ordinal0 [0x00F2C0C3+3326147]
Ordinal0 [0x00E10851+2164817]
Ordinal0 [0x00C97140+618816]
Ordinal0 [0x00C8D334+578356]
Ordinal0 [0x00C11877+71799]
Ordinal0 [0x00C0E119+57625]
Ordinal0 [0x00C0C38A+50058]
Ordinal0 [0x00C35F3E+220990]
Ordinal0 [0x00C35CAC+220332]
Ordinal0 [0x00C3189B+202907]
Ordinal0 [0x00C13DF4+81396]
Ordinal0 [0x00C14DEE+85486]
Ordinal0 [0x00C14D79+85369]
Ordinal0 [0x00E285DC+2262492]
GetHandleVerifier [0x010B2874+1487204]
GetHandleVerifier [0x010B23CD+1486013]
GetHandleVerifier [0x010BA368+1518680]
GetHandleVerifier [0x010B2F4E+1488958]
Ordinal0 [0x00E1ED0D+2223373]
Ordinal0 [0x00E2A12B+2269483]
Ordinal0 [0x00E2A26F+2269807]
Ordinal0 [0x00E3ECB8+2354360]
BaseThreadInitThunk [0x7565343D+18]
RtlInitializeExceptionChain [0x779D9812+99]
RtlInitializeExceptionChain [0x779D97E5+54]

at org.openqa.selenium.remote.W3CHandshakeResponse.lambda$errorHandler$0(W3CHandshakeResponse.java:62)
at org.openqa.selenium.remote.HandshakeResponse.lambda$getResponseFunction$0(HandshakeResponse.java:30)
at org.openqa.selenium.remote.ProtocolHandshake.lambda$createSession$0(ProtocolHandshake.java:126)
at java.util.stream.ReferencePipeline$3$1.accept(ReferencePipeline.java:193)
at java.util.Spliterators$ArraySpliterator.tryAdvance(Spliterators.java:958)
at java.util.stream.ReferencePipeline.forEachWithCancel(ReferencePipeline.java:126)
at java.util.stream.AbstractPipeline.copyIntoWithCancel(AbstractPipeline.java:499)
at java.util.stream.AbstractPipeline.copyInto(AbstractPipeline.java:486)
at java.util.stream.AbstractPipeline.wrapAndCopyInto(AbstractPipeline.java:472)
at java.util.stream.FindOps$FindOp.evaluateSequential(FindOps.java:152)
at java.util.stream.AbstractPipeline.evaluate(AbstractPipeline.java:234)
at java.util.stream.ReferencePipeline.findFirst(ReferencePipeline.java:464)
at org.openqa.selenium.remote.ProtocolHandshake.createSession(ProtocolHandshake.java:128)
at org.openqa.selenium.remote.ProtocolHandshake.createSession(ProtocolHandshake.java:74)
at org.openqa.selenium.remote.HttpCommandExecutor.execute(HttpCommandExecutor.java:136)
at org.openqa.selenium.remote.service.DriverCommandExecutor.execute(DriverCommandExecutor.java:83)
at org.openqa.selenium.remote.RemoteWebDriver.execute(RemoteWebDriver.java:552)
at org.openqa.selenium.remote.RemoteWebDriver.startSession(RemoteWebDriver.java:213)
at org.openqa.selenium.remote.RemoteWebDriver.<init>(RemoteWebDriver.java:131)
at org.openqa.selenium.chrome.ChromeDriver.<init>(ChromeDriver.java:181)
at org.openqa.selenium.chrome.ChromeDriver.<init>(ChromeDriver.java:168)
at org.openqa.selenium.chrome.ChromeDriver.<init>(ChromeDriver.java:123)
at org.parallel.adactin.Sample.beforeClass(Sample.java:20)
... Removed 31 stack frames]]>
    </failure>
  </testcase> <!-- @BeforeClass beforeClass -->
  <testcase name="@BeforeMethod beforemethod" time="0.0" classname="org.parallel.adactin.Sample">
    <skipped/>
  </testcase> <!-- @BeforeMethod beforemethod -->
  <testcase name="@AfterMethod aftermethod" time="0.0" classname="org.parallel.adactin.Sample">
    <skipped/>
  </testcase> <!-- @AfterMethod aftermethod -->
  <testcase name="@AfterClass afterclass" time="0.0" classname="org.parallel.adactin.Sample">
    <skipped/>
  </testcase> <!-- @AfterClass afterclass -->
  <testcase name="bookingTestng" time="0.0" classname="org.parallel.adactin.Sample">
    <skipped/>
  </testcase> <!-- bookingTestng -->
</testsuite> <!-- chromeTest -->
